<?xml version="1.0" encoding="UTF-8"?>
<!-- Generated by org.testng.reporters.JUnitXMLReporter -->
<testsuite ignored="2" hostname="LAPTOP-FE8I8AGL" failures="0" tests="1" name="Login page Test_chrome_64(failed)" time="11.179" errors="0" timestamp="2021-08-22T14:50:57 IST">
  <testcase classname="com.qa.opencart.tests.LoginPageTest" name="isForgotPwdLinkExist" time="2.025"/>
  <testcase classname="com.qa.opencart.tests.LoginPageTest" name="LoginTest" time="0.0">
    <ignored/>
  </testcase> <!-- LoginTest -->
  <testcase classname="com.qa.opencart.tests.LoginPageTest" name="LoginPageTitleTest" time="0.0">
    <ignored/>
  </testcase> <!-- LoginPageTitleTest -->
</testsuite> <!-- Login page Test_chrome_64(failed) -->
