<?xml version="1.0" encoding="UTF-8"?>
<!-- Generated by org.testng.reporters.JUnitXMLReporter -->
<testsuite ignored="0" hostname="LAPTOP-FE8I8AGL" failures="0" tests="8" name="Accounts page Test_chrome_83" time="37.66" errors="0" timestamp="2021-09-04T21:54:47 IST">
  <testcase classname="com.qa.opencart.tests.AccountsPageTest" name="accountsPageTitleTest" time="0.033"/>
  <testcase classname="com.qa.opencart.tests.AccountsPageTest" name="verifyAccountsPageHeaderTest" time="2.149"/>
  <testcase classname="com.qa.opencart.tests.AccountsPageTest" name="verifyAccountsPageSectionsTest" time="0.06"/>
  <testcase classname="com.qa.opencart.tests.AccountsPageTest" name="verifyAccountsSectionListTest" time="0.138"/>
  <testcase classname="com.qa.opencart.tests.AccountsPageTest" name="searchTest" time="5.231"/>
  <testcase classname="com.qa.opencart.tests.AccountsPageTest" name="searchTest" time="4.38"/>
  <testcase classname="com.qa.opencart.tests.AccountsPageTest" name="searchTest" time="4.849"/>
  <testcase classname="com.qa.opencart.tests.AccountsPageTest" name="verifyProductResultsTest" time="8.735"/>
</testsuite> <!-- Accounts page Test_chrome_83 -->
